<?xml version="1.0" encoding="UTF-8"?>
<!-- Generated by org.testng.reporters.JUnitXMLReporter -->
<testsuite hostname="INBAWN163263" name="Command line test" tests="2" failures="1" timestamp="27 Apr 2022 06:57:43 GMT" time="14.006" errors="0">
  <testcase name="runScenario" time="12.082" classname="cucumberOptions.TestNGTestRunner"/>
  <testcase name="runScenario" time="12.199" classname="cucumberOptions.TestNGTestRunner">
    <failure type="java.lang.AssertionError" message="expected [Beetroot] but found [No data]">
      <![CDATA[java.lang.AssertionError: expected [Beetroot] but found [No data]
	at stepDefinitions.OfferPageStepDefinition.validate_product_name_in_offers_page_matches_with_landing_page(OfferPageStepDefinition.java:62)
	at ✽.validate product name in offers page matches with Landing page(file:///C:/2022/D_drive/Debashis/FCA/workspace/learning/CucumberFramework/src/test/java/features/searchProduct.feature:8)
... Removed 5 stack frames]]>
    </failure>
  </testcase> <!-- runScenario -->
</testsuite> <!-- Command line test -->
