<?xml version="1.0" encoding="UTF-8"?>
<!-- Generated by org.testng.reporters.JUnitXMLReporter -->
<testsuite hostname="INBAWN163263" name="UI" tests="4" failures="1" timestamp="25 Apr 2022 18:15:38 GMT" time="31.831" errors="0">
  <testcase name="runScenario" time="26.785" classname="cucumberOptions.TestNGTestRunner"/>
  <testcase name="runScenario" time="26.785" classname="cucumberOptions.TestNGTestRunner">
    <failure type="java.lang.AssertionError" message="expected [Beetroot] but found [No data]">
      <![CDATA[java.lang.AssertionError: expected [Beetroot] but found [No data]
	at stepDefinitions.OfferPageStepDefinition.validate_product_name_in_offers_page_matches_with_landing_page(OfferPageStepDefinition.java:62)
	at ✽.validate product name in offers page matches with Landing page(file:///C:/2022/D_drive/Debashis/FCA/workspace/learning/CucumberFramework/src/test/java/features/searchProduct.feature:8)
... Removed 6 stack frames]]>
    </failure>
  </testcase> <!-- runScenario -->
  <testcase name="runScenario" time="27.564" classname="cucumberOptions.TestNGTestRunner"/>
  <testcase name="runScenario" time="28.735" classname="cucumberOptions.TestNGTestRunner"/>
</testsuite> <!-- UI -->
