<?xml version="1.0" encoding="UTF-8"?>
<!-- Generated by org.testng.reporters.JUnitReportReporter -->
<testsuite hostname="INBAWN163263" name="cucumberOptions.FailTestRunner" tests="1" failures="1" timestamp="25 Apr 2022 18:39:22 GMT" time="13.441" errors="0">
  <testcase name="runScenario" time="13.441" classname="cucumberOptions.FailTestRunner">
    <failure type="java.lang.AssertionError" message="expected [Beetroot] but found [No data]">
      <![CDATA[java.lang.AssertionError: expected [Beetroot] but found [No data]
	at org.testng.Assert.fail(Assert.java:94)
	at org.testng.Assert.failNotEquals(Assert.java:513)
	at org.testng.Assert.assertEqualsImpl(Assert.java:135)
	at org.testng.Assert.assertEquals(Assert.java:116)
	at org.testng.Assert.assertEquals(Assert.java:190)
	at org.testng.Assert.assertEquals(Assert.java:200)
	at stepDefinitions.OfferPageStepDefinition.validate_product_name_in_offers_page_matches_with_landing_page(OfferPageStepDefinition.java:62)
	at ✽.validate product name in offers page matches with Landing page(file:///C:/2022/D_drive/Debashis/FCA/workspace/learning/CucumberFramework/src/test/java/features/searchProduct.feature:8)
]]>
    </failure>
  </testcase> <!-- runScenario -->
</testsuite> <!-- cucumberOptions.FailTestRunner -->
