<?xml version="1.0" encoding="UTF-8"?>
<!-- Generated by org.testng.reporters.JUnitReportReporter -->
<testsuite hostname="INBAWN163263" name="cucumberOptions.TestNGTestRunner" tests="2" failures="0" timestamp="27 Apr 2022 06:57:43 GMT" time="24.281" errors="1">
  <testcase name="runScenario" time="12.199" classname="cucumberOptions.TestNGTestRunner">
    <error type="java.lang.AssertionError" message="expected [Beetroot] but found [No data]">
      <![CDATA[java.lang.AssertionError: expected [Beetroot] but found [No data]
	at org.testng.Assert.fail(Assert.java:94)
	at org.testng.Assert.failNotEquals(Assert.java:494)
	at org.testng.Assert.assertEquals(Assert.java:123)
	at org.testng.Assert.assertEquals(Assert.java:176)
	at org.testng.Assert.assertEquals(Assert.java:186)
	at stepDefinitions.OfferPageStepDefinition.validate_product_name_in_offers_page_matches_with_landing_page(OfferPageStepDefinition.java:62)
	at ✽.validate product name in offers page matches with Landing page(file:///C:/2022/D_drive/Debashis/FCA/workspace/learning/CucumberFramework/src/test/java/features/searchProduct.feature:8)
]]>
    </error>
  </testcase> <!-- runScenario -->
  <testcase name="runScenario" time="12.082" classname="cucumberOptions.TestNGTestRunner"/>
</testsuite> <!-- cucumberOptions.TestNGTestRunner -->
